<?xml version="1.0" encoding="UTF-8"?>
<!-- Generated by org.testng.reporters.JUnitReportReporter -->
<testsuite skipped="0" hostname="user-PC" name="com.AderantOmega.qa.testcases.LeadsPageTest" tests="3" failures="0" timestamp="12 Dec 2019 17:22:53 GMT" time="52.460" errors="0">
  <testcase name="validateCreateLead" time="18.097" classname="com.AderantOmega.qa.testcases.LeadsPageTest"/>
  <testcase name="validateCreateLead" time="19.048" classname="com.AderantOmega.qa.testcases.LeadsPageTest"/>
  <testcase name="validateCreateLead" time="15.315" classname="com.AderantOmega.qa.testcases.LeadsPageTest"/>
</testsuite> <!-- com.AderantOmega.qa.testcases.LeadsPageTest -->
