<?xml version="1.0" encoding="UTF-8"?>
<!-- Generated by org.testng.reporters.JUnitReportReporter -->
<testsuite skipped="0" hostname="user-PC" name="com.AderantOmega.qa.testcases.LoginPageTest" tests="1" failures="0" timestamp="12 Dec 2019 20:06:26 GMT" time="12.241" errors="0">
  <testcase name="loginTest" time="12.241" classname="com.AderantOmega.qa.testcases.LoginPageTest"/>
</testsuite> <!-- com.AderantOmega.qa.testcases.LoginPageTest -->
