<?xml version="1.0" encoding="UTF-8"?>
<!-- Generated by org.testng.reporters.JUnitReportReporter -->
<testsuite skipped="0" hostname="user-PC" name="com.AderantOmega.qa.testcases.HomePageTest" tests="4" failures="0" timestamp="23 Dec 2019 15:42:56 GMT" time="50.576" errors="0">
  <testcase name="verifyHomePageTitleTest" time="8.784" classname="com.AderantOmega.qa.testcases.HomePageTest"/>
  <testcase name="clickOnMyHomeTabTest" time="12.972" classname="com.AderantOmega.qa.testcases.HomePageTest"/>
  <testcase name="verifyMyHomeTitle" time="10.199" classname="com.AderantOmega.qa.testcases.HomePageTest"/>
  <testcase name="clickOnLeadsTabTest" time="18.621" classname="com.AderantOmega.qa.testcases.HomePageTest"/>
</testsuite> <!-- com.AderantOmega.qa.testcases.HomePageTest -->
