<?xml version="1.0" encoding="UTF-8"?>
<!-- Generated by org.testng.reporters.JUnitReportReporter -->
<testsuite skipped="0" hostname="user-PC" name="com.AderantOmega.qa.testcases.CRMSFATest" tests="1" failures="0" timestamp="23 Dec 2019 15:42:56 GMT" time="13.889" errors="0">
  <testcase name="clickOnCRMSFALinkTest" time="13.889" classname="com.AderantOmega.qa.testcases.CRMSFATest"/>
</testsuite> <!-- com.AderantOmega.qa.testcases.CRMSFATest -->
