<?xml version="1.0" encoding="UTF-8"?>
<!-- Generated by org.testng.reporters.JUnitReportReporter -->
<testsuite skipped="0" hostname="user-PC" name="com.AderantOmega.qa.testcases.HomePageTest" tests="4" failures="0" timestamp="12 Dec 2019 20:06:26 GMT" time="45.069" errors="0">
  <testcase name="verifyHomePageTitleTest" time="11.108" classname="com.AderantOmega.qa.testcases.HomePageTest"/>
  <testcase name="clickOnMyHomeTabTest" time="11.184" classname="com.AderantOmega.qa.testcases.HomePageTest"/>
  <testcase name="verifyMyHomeTitle" time="9.245" classname="com.AderantOmega.qa.testcases.HomePageTest"/>
  <testcase name="clickOnLeadsTabTest" time="13.532" classname="com.AderantOmega.qa.testcases.HomePageTest"/>
</testsuite> <!-- com.AderantOmega.qa.testcases.HomePageTest -->
