<?xml version="1.0" encoding="UTF-8"?>
<!-- Generated by org.testng.reporters.JUnitReportReporter -->
<testsuite skipped="0" hostname="user-PC" name="com.AderantOmega.qa.testcases.LeadsPageTest" tests="3" failures="0" timestamp="12 Dec 2019 20:36:15 GMT" time="79.202" errors="0">
  <testcase name="validateCreateLead" time="23.735" classname="com.AderantOmega.qa.testcases.LeadsPageTest"/>
  <testcase name="validateCreateLead" time="33.061" classname="com.AderantOmega.qa.testcases.LeadsPageTest"/>
  <testcase name="validateCreateLead" time="22.406" classname="com.AderantOmega.qa.testcases.LeadsPageTest"/>
</testsuite> <!-- com.AderantOmega.qa.testcases.LeadsPageTest -->
